> log file: ./log/res15/internal-res15-201126-184426.log
cuda memory allocated: 44653056
n_trainable_params: 2444835, n_nontrainable_params: 8718000
> training arguments:
>>> dataset: res15
>>> model_name: DECNN
>>> batch_size: 8
>>> learning_rate: 0.0001
>>> lr_decay: 1e-05
>>> num_epoch: 200
>>> emb_dim: 400
>>> hidden_dim: 400
>>> keep_prob: 0.5
>>> l2_reg: 1e-05
>>> lm: internal
>>> class_num: 3
>>> seed: 333
>>> log_step: 5
>>> valset_num: 150
>>> reuse_embedding: 1
>>> optimizer: <class 'torch.optim.adam.Adam'>
>>> initializer: <function uniform_ at 0x7fb0ea8c8400>
>>> device: cuda:0
>>> topk: 10
>>> max_sentence_len: 70
>>> model_class: <class 'models.decnn.DECNN'>
>>> dataset_file: {'train': './data/res15/train/', 'test': './data/res15/test/'}
>>> dataset_path: ./data/res15/
>>> inputs_cols: ['sentence', 'mask', 'position', 'keep_prob']
